2014/04/26 17:11:59 [error] [php] Undefined index: target (/home/hq/www/crm/testdrive/protected/modules/Admin/views/settlement/_form.php:8)
Stack trace:
#0 /home/hq/www/crm/framework/web/CController.php(869): SettlementController->renderFile()
#1 /home/hq/www/crm/testdrive/protected/modules/Admin/views/settlement/update.php(2): SettlementController->renderPartial()
#2 /home/hq/www/crm/framework/web/CBaseController.php(126): require()
#3 /home/hq/www/crm/framework/web/CBaseController.php(95): SettlementController->renderInternal()
#4 /home/hq/www/crm/framework/web/CController.php(869): SettlementController->renderFile()
#5 /home/hq/www/crm/framework/web/CController.php(782): SettlementController->renderPartial()
#6 /home/hq/www/crm/testdrive/protected/modules/Admin/controllers/SettlementController.php(118): SettlementController->render()
#7 /home/hq/www/crm/framework/web/actions/CInlineAction.php(49): SettlementController->actionUpdate()
#8 /home/hq/www/crm/framework/web/CController.php(308): CInlineAction->runWithParams()
#9 /home/hq/www/crm/framework/web/filters/CFilterChain.php(133): SettlementController->runAction()
#10 /home/hq/www/crm/framework/web/filters/CFilter.php(40): CFilterChain->run()
#11 /home/hq/www/crm/framework/web/CController.php(1145): CAccessControlFilter->filter()
#12 /home/hq/www/crm/framework/web/filters/CInlineFilter.php(58): SettlementController->filterAccessControl()
#13 /home/hq/www/crm/framework/web/filters/CFilterChain.php(130): CInlineFilter->filter()
#14 /home/hq/www/crm/framework/web/CController.php(291): CFilterChain->run()
#15 /home/hq/www/crm/framework/web/CController.php(265): SettlementController->runActionWithFilters()
#16 /home/hq/www/crm/framework/web/CWebApplication.php(282): SettlementController->run()
#17 /home/hq/www/crm/framework/web/CWebApplication.php(141): CWebApplication->runController()
#18 /home/hq/www/crm/framework/base/CApplication.php(180): CWebApplication->processRequest()
#19 /home/hq/www/crm/testdrive/index.php(13): CWebApplication->run()
REQUEST_URI=/index.php/Admin/settlement/update/id/1398503362083719
in /home/hq/www/crm/testdrive/protected/modules/Admin/views/settlement/_form.php (8)
in /home/hq/www/crm/testdrive/protected/modules/Admin/views/settlement/update.php (2)
in /home/hq/www/crm/testdrive/protected/modules/Admin/controllers/SettlementController.php (118)
2014/04/26 21:20:23 [error] [exception.CHttpException.404] exception 'CHttpException' with message '无法解析请求 "Admin/changepwd.html"。' in /home/hq/www/crm/framework/web/CWebApplication.php:286
Stack trace:
#0 /home/hq/www/crm/framework/web/CWebApplication.php(141): CWebApplication->runController('Admin/changepwd...')
#1 /home/hq/www/crm/framework/base/CApplication.php(180): CWebApplication->processRequest()
#2 /home/hq/www/crm/testdrive/index.php(13): CApplication->run()
#3 {main}
REQUEST_URI=/Admin/changepwd.html?target=dialog&_=1398518423720
HTTP_REFERER=http://crm.com/Admin/
---
